<?xml version="1.0" encoding="UTF-8"?>
<!-- Generated by org.testng.reporters.JUnitReportReporter -->
<testsuite hostname="HariDarshana" failures="0" tests="1" name="loginTestCases.BothCorrect" time="13.918" errors="0" timestamp="2022-11-23T17:03:36 CST" skipped="0">
  <testcase classname="loginTestCases.BothCorrect" name="loginWithBothCorrect" time="13.918"/>
  <system-out/>
</testsuite> <!-- loginTestCases.BothCorrect -->
