<?xml version="1.0" encoding="UTF-8"?>
<!-- Generated by org.testng.reporters.JUnitReportReporter -->
<testsuite hostname="HariDarshana" failures="0" tests="1" name="loginUsingParameterization.BothCorrect" time="71.358" errors="0" timestamp="2024-01-09T09:23:54 CST" skipped="0">
  <testcase classname="loginUsingParameterization.BothCorrect" name="loginWithBothCorrect" time="71.358"/>
  <system-out/>
</testsuite> <!-- loginUsingParameterization.BothCorrect -->
