<?xml version="1.0" encoding="UTF-8"?>
<!-- Generated by org.testng.reporters.JUnitReportReporter -->
<testsuite hostname="HariDarshana" failures="0" tests="1" name="loginUsingParameterization.BothCorrect" time="24.056" errors="0" timestamp="2022-12-02T15:03:29 CST" skipped="0">
  <testcase classname="loginUsingParameterization.BothCorrect" name="loginWithBothCorrect" time="24.056"/>
  <system-out/>
</testsuite> <!-- loginUsingParameterization.BothCorrect -->
