<?xml version="1.0" encoding="UTF-8"?>
<!-- Generated by org.testng.reporters.JUnitReportReporter -->
<testsuite hostname="HariDarshana" failures="0" tests="4" name="loginUsingJXLExcel.loginTestCaseJXL" time="12.891" errors="0" timestamp="2023-03-08T11:44:07 CST" skipped="0">
  <testcase classname="loginUsingJXLExcel.loginTestCaseJXL" name="loginTestCase" time="2.088"/>
  <system-out/>
  <testcase classname="loginUsingJXLExcel.loginTestCaseJXL" name="loginTestCase" time="2.259"/>
  <system-out/>
  <testcase classname="loginUsingJXLExcel.loginTestCaseJXL" name="loginTestCase" time="4.882"/>
  <system-out/>
  <testcase classname="loginUsingJXLExcel.loginTestCaseJXL" name="loginTestCase" time="3.662"/>
  <system-out/>
</testsuite> <!-- loginUsingJXLExcel.loginTestCaseJXL -->
