<?xml version="1.0" encoding="UTF-8"?>
<!-- Generated by org.testng.reporters.JUnitReportReporter -->
<testsuite hostname="HariDarshana" failures="0" tests="1" name="loginUsingParameterization.BothWrong" time="34.091" errors="0" timestamp="2023-01-03T18:45:06 CST" skipped="0">
  <testcase classname="loginUsingParameterization.BothWrong" name="loginWithBothWrong" time="34.091"/>
  <system-out/>
</testsuite> <!-- loginUsingParameterization.BothWrong -->
