<?xml version="1.0" encoding="UTF-8"?>
<!-- Generated by org.testng.reporters.JUnitReportReporter -->
<testsuite hostname="HariDarshana" failures="0" tests="4" name="loginUsingDataProvider.Login" time="81.020" errors="0" timestamp="2024-01-08T18:12:26 CST" skipped="0">
  <testcase classname="loginUsingDataProvider.Login" name="loginWithParameters" time="15.645"/>
  <system-out/>
  <testcase classname="loginUsingDataProvider.Login" name="loginWithParameters" time="23.843"/>
  <system-out/>
  <testcase classname="loginUsingDataProvider.Login" name="loginWithParameters" time="15.134"/>
  <system-out/>
  <testcase classname="loginUsingDataProvider.Login" name="loginWithParameters" time="26.398"/>
  <system-out/>
</testsuite> <!-- loginUsingDataProvider.Login -->
