<?xml version="1.0" encoding="UTF-8"?>
<!-- Generated by org.testng.reporters.JUnitReportReporter -->
<testsuite hostname="HariDarshana" failures="0" tests="1" name="loginTestCases.CorrectPassword" time="14.965" errors="0" timestamp="2022-11-23T17:03:36 CST" skipped="0">
  <testcase classname="loginTestCases.CorrectPassword" name="loginWithCorrectPassword" time="14.965"/>
  <system-out/>
</testsuite> <!-- loginTestCases.CorrectPassword -->
