<?xml version="1.0" encoding="UTF-8"?>
<!-- Generated by org.testng.reporters.JUnitReportReporter -->
<testsuite hostname="HariDarshana" failures="0" tests="1" name="loginUsingPOIandJAVA.DataDrivenUsingPOI" time="0.000" errors="0" timestamp="2023-03-08T13:22:57 CST" skipped="1">
  <testcase classname="loginUsingPOIandJAVA.DataDrivenUsingPOI" name="loginWithCredential" time="0.000">
    <skipped/>
  </testcase> <!-- loginWithCredential -->
  <system-out/>
</testsuite> <!-- loginUsingPOIandJAVA.DataDrivenUsingPOI -->
