<?xml version="1.0" encoding="UTF-8"?>
<!-- Generated by org.testng.reporters.JUnitReportReporter -->
<testsuite hostname="HariDarshana" failures="0" tests="1" name="loginTestCases.CorrectUserName" time="21.157" errors="0" timestamp="2022-11-23T17:03:36 CST" skipped="0">
  <testcase classname="loginTestCases.CorrectUserName" name="loginWithCorrectUserName" time="21.157"/>
  <system-out/>
</testsuite> <!-- loginTestCases.CorrectUserName -->
