<?xml version="1.0" encoding="UTF-8"?>
<!-- Generated by org.testng.reporters.JUnitReportReporter -->
<testsuite hostname="HariDarshana" failures="0" tests="1" name="loginUsingJXLExcel.loginTestCase" time="0.000" errors="0" timestamp="2022-12-01T22:24:38 CST" skipped="1">
  <testcase classname="loginUsingJXLExcel.loginTestCase" name="loginWithCredential" time="0.000">
    <skipped/>
  </testcase> <!-- loginWithCredential -->
  <system-out/>
</testsuite> <!-- loginUsingJXLExcel.loginTestCase -->
