<?xml version="1.0" encoding="UTF-8"?>
<!-- Generated by org.testng.reporters.JUnitReportReporter -->
<testsuite hostname="HariDarshana" failures="0" tests="4" name="login.Login" time="58.497" errors="0" timestamp="2022-11-24T20:04:39 CST" skipped="0">
  <testcase classname="login.Login" name="loginWithBothCorrect" time="12.941"/>
  <system-out/>
  <testcase classname="login.Login" name="loginWithBothCorrect" time="12.459"/>
  <system-out/>
  <testcase classname="login.Login" name="loginWithBothCorrect" time="20.893"/>
  <system-out/>
  <testcase classname="login.Login" name="loginWithBothCorrect" time="12.204"/>
  <system-out/>
</testsuite> <!-- login.Login -->
