<?xml version="1.0" encoding="UTF-8"?>
<!-- Generated by org.testng.reporters.JUnitReportReporter -->
<testsuite hostname="HariDarshana" failures="0" tests="4" name="loginUsingDataProvider.Login" time="91.456" errors="0" timestamp="2022-12-15T12:38:21 CST" skipped="0">
  <testcase classname="loginUsingDataProvider.Login" name="loginWithBothCorrect" time="35.075"/>
  <system-out/>
  <testcase classname="loginUsingDataProvider.Login" name="loginWithBothCorrect" time="17.768"/>
  <system-out/>
  <testcase classname="loginUsingDataProvider.Login" name="loginWithBothCorrect" time="20.447"/>
  <system-out/>
  <testcase classname="loginUsingDataProvider.Login" name="loginWithBothCorrect" time="18.166"/>
  <system-out/>
</testsuite> <!-- loginUsingDataProvider.Login -->
